Using pre-set license
Built from '2021.3/staging' branch; Version is '2021.3.0f1 (6eacc8284459) revision 7253192'; Using compiler version '192829333'; Build Type 'Release'
OS: 'Windows 10  (10.0.19044) 64bit Professional' Language: 'en' Physical Memory: 32689 MB
BatchMode: 1, IsHumanControllingUs: 0, StartBugReporterOnCrash: 0, Is64bit: 1, IsPro: 1

COMMAND LINE ARGUMENTS:
C:\Program Files\Unity\Hub\Editor\2021.3.0f1\Editor\Unity.exe
-adb2
-batchMode
-noUpm
-name
AssetImportWorker0
-projectPath
E:/GameDevTV/Death-Is-Only-The-Beginning
-logFile
Logs/AssetImportWorker0.log
-srvPort
64157
Successfully changed project path to: E:/GameDevTV/Death-Is-Only-The-Beginning
E:/GameDevTV/Death-Is-Only-The-Beginning
[UnityMemory] Configuration Parameters - Can be set up in boot.config
    "memorysetup-bucket-allocator-granularity=16"
    "memorysetup-bucket-allocator-bucket-count=8"
    "memorysetup-bucket-allocator-block-size=33554432"
    "memorysetup-bucket-allocator-block-count=8"
    "memorysetup-main-allocator-block-size=16777216"
    "memorysetup-thread-allocator-block-size=16777216"
    "memorysetup-gfx-main-allocator-block-size=16777216"
    "memorysetup-gfx-thread-allocator-block-size=16777216"
    "memorysetup-cache-allocator-block-size=4194304"
    "memorysetup-typetree-allocator-block-size=2097152"
    "memorysetup-profiler-bucket-allocator-granularity=16"
    "memorysetup-profiler-bucket-allocator-bucket-count=8"
    "memorysetup-profiler-bucket-allocator-block-size=33554432"
    "memorysetup-profiler-bucket-allocator-block-count=8"
    "memorysetup-profiler-allocator-block-size=16777216"
    "memorysetup-profiler-editor-allocator-block-size=1048576"
    "memorysetup-temp-allocator-size-main=16777216"
    "memorysetup-job-temp-allocator-block-size=2097152"
    "memorysetup-job-temp-allocator-block-size-background=1048576"
    "memorysetup-job-temp-allocator-reduction-small-platforms=262144"
    "memorysetup-temp-allocator-size-background-worker=32768"
    "memorysetup-temp-allocator-size-job-worker=262144"
    "memorysetup-temp-allocator-size-preload-manager=33554432"
    "memorysetup-temp-allocator-size-nav-mesh-worker=65536"
    "memorysetup-temp-allocator-size-audio-worker=65536"
    "memorysetup-temp-allocator-size-cloud-worker=32768"
    "memorysetup-temp-allocator-size-gi-baking-worker=262144"
    "memorysetup-temp-allocator-size-gfx=262144"
Refreshing native plugins compatible for Editor in 27.42 ms, found 0 plugins.
Preloading 0 native plugins for Editor in 0.00 ms.
Initialize engine version: 2021.3.0f1 (6eacc8284459)
[Subsystems] Discovering subsystems at path C:/Program Files/Unity/Hub/Editor/2021.3.0f1/Editor/Data/Resources/UnitySubsystems
[Subsystems] Discovering subsystems at path E:/GameDevTV/Death-Is-Only-The-Beginning/Assets
GfxDevice: creating device client; threaded=0; jobified=0
Direct3D:
    Version:  Direct3D 11.0 [level 11.1]
    Renderer: NVIDIA GeForce RTX 3080 Ti (ID=0x2208)
    Vendor:   NVIDIA
    VRAM:     12108 MB
    Driver:   30.0.15.1277
Initialize mono
Mono path[0] = 'C:/Program Files/Unity/Hub/Editor/2021.3.0f1/Editor/Data/Managed'
Mono path[1] = 'C:/Program Files/Unity/Hub/Editor/2021.3.0f1/Editor/Data/MonoBleedingEdge/lib/mono/unityjit-win32'
Mono config path = 'C:/Program Files/Unity/Hub/Editor/2021.3.0f1/Editor/Data/MonoBleedingEdge/etc'
Using monoOptions --debugger-agent=transport=dt_socket,embedding=1,server=y,suspend=n,address=127.0.0.1:56280
Begin MonoManager ReloadAssembly
Registering precompiled unity dll's ...
Register platform support module: C:/Program Files/Unity/Hub/Editor/2021.3.0f1/Editor/Data/PlaybackEngines/AndroidPlayer/UnityEditor.Android.Extensions.dll
Register platform support module: C:/Program Files/Unity/Hub/Editor/2021.3.0f1/Editor/Data/PlaybackEngines/WindowsStandaloneSupport/UnityEditor.WindowsStandalone.Extensions.dll
Registered in 0.006169 seconds.
Native extension for WindowsStandalone target not found
Native extension for Android target not found
Refreshing native plugins compatible for Editor in 26.61 ms, found 0 plugins.
Preloading 0 native plugins for Editor in 0.00 ms.
Mono: successfully reloaded assembly
- Completed reload, in  0.491 seconds
Domain Reload Profiling:
	ReloadAssembly (492ms)
		BeginReloadAssembly (58ms)
			ExecutionOrderSort (0ms)
			DisableScriptedObjects (0ms)
			BackupInstance (0ms)
			ReleaseScriptingObjects (0ms)
			CreateAndSetChildDomain (1ms)
		EndReloadAssembly (341ms)
			LoadAssemblies (57ms)
			RebuildTransferFunctionScriptingTraits (0ms)
			SetupTypeCache (92ms)
			ReleaseScriptCaches (0ms)
			RebuildScriptCaches (22ms)
			SetupLoadedEditorAssemblies (187ms)
				LogAssemblyErrors (0ms)
				InitializePlatformSupportModulesInManaged (46ms)
				SetLoadedEditorAssemblies (0ms)
				RefreshPlugins (27ms)
				BeforeProcessingInitializeOnLoad (1ms)
				ProcessInitializeOnLoadAttributes (79ms)
				ProcessInitializeOnLoadMethodAttributes (35ms)
				AfterProcessingInitializeOnLoad (0ms)
				EditorAssembliesLoaded (0ms)
			ExecutionOrderSort2 (0ms)
			AwakeInstancesAfterBackupRestoration (0ms)
Platform modules already initialized, skipping
Registering precompiled user dll's ...
Registered in 0.000742 seconds.
Begin MonoManager ReloadAssembly
Native extension for WindowsStandalone target not found
Native extension for Android target not found
Refreshing native plugins compatible for Editor in 26.43 ms, found 0 plugins.
Preloading 0 native plugins for Editor in 0.00 ms.
Mono: successfully reloaded assembly
- Completed reload, in  0.832 seconds
Domain Reload Profiling:
	ReloadAssembly (833ms)
		BeginReloadAssembly (200ms)
			ExecutionOrderSort (0ms)
			DisableScriptedObjects (5ms)
			BackupInstance (0ms)
			ReleaseScriptingObjects (0ms)
			CreateAndSetChildDomain (128ms)
		EndReloadAssembly (539ms)
			LoadAssemblies (52ms)
			RebuildTransferFunctionScriptingTraits (0ms)
			SetupTypeCache (145ms)
			ReleaseScriptCaches (0ms)
			RebuildScriptCaches (35ms)
			SetupLoadedEditorAssemblies (274ms)
				LogAssemblyErrors (0ms)
				InitializePlatformSupportModulesInManaged (11ms)
				SetLoadedEditorAssemblies (0ms)
				RefreshPlugins (26ms)
				BeforeProcessingInitializeOnLoad (47ms)
				ProcessInitializeOnLoadAttributes (171ms)
				ProcessInitializeOnLoadMethodAttributes (13ms)
				AfterProcessingInitializeOnLoad (6ms)
				EditorAssembliesLoaded (0ms)
			ExecutionOrderSort2 (0ms)
			AwakeInstancesAfterBackupRestoration (4ms)
Platform modules already initialized, skipping
========================================================================
Worker process is ready to serve import requests
Launched and connected shader compiler UnityShaderCompiler.exe after 0.05 seconds
Refreshing native plugins compatible for Editor in 0.28 ms, found 0 plugins.
Preloading 0 native plugins for Editor in 0.00 ms.
Unloading 1649 Unused Serialized files (Serialized files now loaded: 0)
Unloading 29 unused Assets / (183.0 KB). Loaded Objects now: 2121.
Memory consumption went from 76.3 MB to 76.1 MB.
Total: 2.929200 ms (FindLiveObjects: 0.199700 ms CreateObjectMapping: 0.042200 ms MarkObjects: 2.581700 ms  DeleteObjects: 0.104300 ms)

AssetImportParameters requested are different than current active one (requested -> active):
  custom:video-decoder-ogg-theora: a1e56fd34408186e4bbccfd4996cb3dc -> 
  custom:container-muxer-webm: aa71ff27fc2769a1b78a27578f13a17b -> 
  custom:container-demuxer-webm: 4f35f7cbe854078d1ac9338744f61a02 -> 
  custom:video-encoder-webm-vp8: eb34c28f22e8b96e1ab97ce403110664 -> 
  custom:audio-encoder-webm-vorbis: bf7c407c2cedff20999df2af8eb42d56 -> 
  custom:framework-win-MediaFoundation: 216162199b28c13a410421893ffa2e32 -> 
  custom:container-demuxer-ogg: 62fdf1f143b41e24485cea50d1cbac27 -> 
  custom:video-decoder-webm-vp8: 9c59270c3fd7afecdb556c50c9e8de78 -> 
  custom:audio-decoder-ogg-vorbis: bf7c407c2cedff20999df2af8eb42d56 -> 
========================================================================
Received Import Request.
  Time since last request: 4171.240776 seconds.
  path: Assets/Input
  artifactKey: Guid(9f0a0d20e9857fa4d8e1833cec32fd4b) Importer(815301076,1909f56bfc062723c751e8b465ee728b)
Start importing Assets/Input using Guid(9f0a0d20e9857fa4d8e1833cec32fd4b) Importer(815301076,1909f56bfc062723c751e8b465ee728b)  -> (artifact id: '0a308a36dc5c25e47a8b5615d9764f8f') in 0.004278 seconds 
========================================================================
Received Import Request.
  Time since last request: 1.798663 seconds.
  path: Assets/Scripts
  artifactKey: Guid(fb5080ad880bffd4aafdb54de5332cf1) Importer(815301076,1909f56bfc062723c751e8b465ee728b)
Start importing Assets/Scripts using Guid(fb5080ad880bffd4aafdb54de5332cf1) Importer(815301076,1909f56bfc062723c751e8b465ee728b)  -> (artifact id: '72c98b03519ce9ef07b1740ebae3a57c') in 0.006099 seconds 
========================================================================
Received Import Request.
  Time since last request: 19.349127 seconds.
  path: Assets/Asset Packs
  artifactKey: Guid(05659d10e974e2546a59803ee242d017) Importer(815301076,1909f56bfc062723c751e8b465ee728b)
Start importing Assets/Asset Packs using Guid(05659d10e974e2546a59803ee242d017) Importer(815301076,1909f56bfc062723c751e8b465ee728b)  -> (artifact id: 'b4147cdd507d9ee02ac76a1b3803ef36') in 0.004458 seconds 
========================================================================
Received Import Request.
  Time since last request: 0.929087 seconds.
  path: Assets/Asset Packs/PolygonPrototype
  artifactKey: Guid(47627dc87629cde4ba8d89238fce4183) Importer(815301076,1909f56bfc062723c751e8b465ee728b)
Start importing Assets/Asset Packs/PolygonPrototype using Guid(47627dc87629cde4ba8d89238fce4183) Importer(815301076,1909f56bfc062723c751e8b465ee728b)  -> (artifact id: '8c365b866f63e29ccf510c20b91fd97f') in 0.005429 seconds 
========================================================================
Received Import Request.
  Time since last request: 9.398234 seconds.
  path: Assets/Animations
  artifactKey: Guid(b7568848ff28d3e4db2afadc8aa829e2) Importer(815301076,1909f56bfc062723c751e8b465ee728b)
Start importing Assets/Animations using Guid(b7568848ff28d3e4db2afadc8aa829e2) Importer(815301076,1909f56bfc062723c751e8b465ee728b)  -> (artifact id: '05b57ec2e9e6042a7cfa43833fcb1369') in 0.004482 seconds 
========================================================================
Received Import Request.
  Time since last request: 4.391695 seconds.
  path: Assets/Scripts/First Person Controller
  artifactKey: Guid(0a78b15d9da274d4ab3787d7ffcde9a6) Importer(815301076,1909f56bfc062723c751e8b465ee728b)
Start importing Assets/Scripts/First Person Controller using Guid(0a78b15d9da274d4ab3787d7ffcde9a6) Importer(815301076,1909f56bfc062723c751e8b465ee728b)  -> (artifact id: '6dbcf59f349030d6eb7dcac0c6e47cb2') in 0.007150 seconds 
========================================================================
Received Import Request.
  Time since last request: 6.554856 seconds.
  path: Assets/Scenes
  artifactKey: Guid(6ea315d0fd7389c41b19996891e99ae3) Importer(815301076,1909f56bfc062723c751e8b465ee728b)
Start importing Assets/Scenes using Guid(6ea315d0fd7389c41b19996891e99ae3) Importer(815301076,1909f56bfc062723c751e8b465ee728b)  -> (artifact id: 'b8193726cff86800c54781cdc6d54904') in 0.004705 seconds 
========================================================================
Received Import Request.
  Time since last request: 1.164179 seconds.
  path: Assets/Scenes/SampleScene.unity
  artifactKey: Guid(9fc0d4010bbf28b4594072e72b8655ab) Importer(815301076,1909f56bfc062723c751e8b465ee728b)
Start importing Assets/Scenes/SampleScene.unity using Guid(9fc0d4010bbf28b4594072e72b8655ab) Importer(815301076,1909f56bfc062723c751e8b465ee728b)  -> (artifact id: '3fa52d643189327d51af5ee9af90593c') in 0.004152 seconds 
========================================================================
Received Import Request.
  Time since last request: 73.112965 seconds.
  path: Assets/Easy Primitive People
  artifactKey: Guid(28ecd9d4d12232b4e9467e6023f27f74) Importer(815301076,1909f56bfc062723c751e8b465ee728b)
Start importing Assets/Easy Primitive People using Guid(28ecd9d4d12232b4e9467e6023f27f74) Importer(815301076,1909f56bfc062723c751e8b465ee728b)  -> (artifact id: 'ce9d7e33ad5a6f226e785ec01022cb5a') in 0.004524 seconds 
========================================================================
Received Import Request.
  Time since last request: 2.418497 seconds.
  path: Assets/Easy Primitive People/PrimitivePeopleDemoScene.unity
  artifactKey: Guid(7eaef681ef0135348aecb17330d9d261) Importer(815301076,1909f56bfc062723c751e8b465ee728b)
Start importing Assets/Easy Primitive People/PrimitivePeopleDemoScene.unity using Guid(7eaef681ef0135348aecb17330d9d261) Importer(815301076,1909f56bfc062723c751e8b465ee728b)  -> (artifact id: '10df392702531cac8c7cf6ac13cf287a') in 0.004561 seconds 
========================================================================
Received Import Request.
  Time since last request: 11.161119 seconds.
  path: Assets/Easy Primitive People/PrimitivePeopleDemoScene2.unity
  artifactKey: Guid(0c98d542b494087448d3c15cd3efd292) Importer(815301076,1909f56bfc062723c751e8b465ee728b)
Start importing Assets/Easy Primitive People/PrimitivePeopleDemoScene2.unity using Guid(0c98d542b494087448d3c15cd3efd292) Importer(815301076,1909f56bfc062723c751e8b465ee728b)  -> (artifact id: 'b875737eef4e908908328287edb0fd9c') in 0.004732 seconds 
========================================================================
Received Import Request.
  Time since last request: 2.056704 seconds.
  path: Assets/Easy Primitive People/PrimitivePeopleDemoScene3.unity
  artifactKey: Guid(e6ef56ad81e5bf34b81506d6eae32c48) Importer(815301076,1909f56bfc062723c751e8b465ee728b)
Start importing Assets/Easy Primitive People/PrimitivePeopleDemoScene3.unity using Guid(e6ef56ad81e5bf34b81506d6eae32c48) Importer(815301076,1909f56bfc062723c751e8b465ee728b)  -> (artifact id: 'b634bc3810bf278e2833608cf2772d4c') in 0.004593 seconds 
========================================================================
Received Import Request.
  Time since last request: 15.535222 seconds.
  path: Assets/Easy Primitive People/PrimitivePeopleDemoScene4.unity
  artifactKey: Guid(4aafbc71b96bcec41b8c25bcb428679c) Importer(815301076,1909f56bfc062723c751e8b465ee728b)
Start importing Assets/Easy Primitive People/PrimitivePeopleDemoScene4.unity using Guid(4aafbc71b96bcec41b8c25bcb428679c) Importer(815301076,1909f56bfc062723c751e8b465ee728b)  -> (artifact id: '1984d4495d90a378c0188b967dc9b377') in 0.004494 seconds 
========================================================================
Received Import Request.
  Time since last request: 1.685370 seconds.
  path: Assets/Easy Primitive People/PrimitivePeopleDemoScene5.unity
  artifactKey: Guid(b8ddf751ce53ea84f9d87acdfb83327f) Importer(815301076,1909f56bfc062723c751e8b465ee728b)
Start importing Assets/Easy Primitive People/PrimitivePeopleDemoScene5.unity using Guid(b8ddf751ce53ea84f9d87acdfb83327f) Importer(815301076,1909f56bfc062723c751e8b465ee728b)  -> (artifact id: '8a4c2573e3febde96cc11305ddc870b1') in 0.004785 seconds 
========================================================================
Received Import Request.
  Time since last request: 1.771699 seconds.
  path: Assets/Easy Primitive People/PrimitivePeopleDemoScene6.unity
  artifactKey: Guid(cc69145b37e92c544b57ed01232bf56a) Importer(815301076,1909f56bfc062723c751e8b465ee728b)
Start importing Assets/Easy Primitive People/PrimitivePeopleDemoScene6.unity using Guid(cc69145b37e92c544b57ed01232bf56a) Importer(815301076,1909f56bfc062723c751e8b465ee728b)  -> (artifact id: 'c95534a1d6a34a60ca4f96a59c639dfe') in 0.004328 seconds 
========================================================================
Received Import Request.
  Time since last request: 2.309776 seconds.
  path: Assets/Easy Primitive People/PrimitivePeopleDemoScene7.unity
  artifactKey: Guid(1e8c971561e77ee4c93d562c8e15b550) Importer(815301076,1909f56bfc062723c751e8b465ee728b)
Start importing Assets/Easy Primitive People/PrimitivePeopleDemoScene7.unity using Guid(1e8c971561e77ee4c93d562c8e15b550) Importer(815301076,1909f56bfc062723c751e8b465ee728b)  -> (artifact id: '2118a9050169b8821e899ae51321d88c') in 0.004596 seconds 
========================================================================
Received Import Request.
  Time since last request: 2.257319 seconds.
  path: Assets/Easy Primitive People/PrimitivePeopleDemoScene8.unity
  artifactKey: Guid(94452d59af145c1418eed6d1edf31aab) Importer(815301076,1909f56bfc062723c751e8b465ee728b)
Start importing Assets/Easy Primitive People/PrimitivePeopleDemoScene8.unity using Guid(94452d59af145c1418eed6d1edf31aab) Importer(815301076,1909f56bfc062723c751e8b465ee728b)  -> (artifact id: '5263e4c21796699adf17cc6460dc4a5a') in 0.005065 seconds 
========================================================================
Received Import Request.
  Time since last request: 7.858270 seconds.
  path: Assets/Prefabs
  artifactKey: Guid(0b055f9db849a5c49853f624d3cc87b9) Importer(815301076,1909f56bfc062723c751e8b465ee728b)
Start importing Assets/Prefabs using Guid(0b055f9db849a5c49853f624d3cc87b9) Importer(815301076,1909f56bfc062723c751e8b465ee728b)  -> (artifact id: 'abf963aa6231870ec530c0589a73daeb') in 0.004573 seconds 
========================================================================
Received Import Request.
  Time since last request: 1.071416 seconds.
  path: Assets/Prefabs/Polygon
  artifactKey: Guid(3df5233306bfcc048a082d4cbfc690ab) Importer(815301076,1909f56bfc062723c751e8b465ee728b)
Start importing Assets/Prefabs/Polygon using Guid(3df5233306bfcc048a082d4cbfc690ab) Importer(815301076,1909f56bfc062723c751e8b465ee728b)  -> (artifact id: '1af914d59f33df4698bb233ebe29cefb') in 0.004390 seconds 
========================================================================
Received Prepare
Registering precompiled user dll's ...
Registered in 0.000680 seconds.
Begin MonoManager ReloadAssembly
Native extension for WindowsStandalone target not found
Native extension for Android target not found
Refreshing native plugins compatible for Editor in 0.25 ms, found 0 plugins.
Preloading 0 native plugins for Editor in 0.00 ms.
Mono: successfully reloaded assembly
- Completed reload, in  0.691 seconds
Domain Reload Profiling:
	ReloadAssembly (692ms)
		BeginReloadAssembly (102ms)
			ExecutionOrderSort (0ms)
			DisableScriptedObjects (4ms)
			BackupInstance (0ms)
			ReleaseScriptingObjects (0ms)
			CreateAndSetChildDomain (21ms)
		EndReloadAssembly (508ms)
			LoadAssemblies (57ms)
			RebuildTransferFunctionScriptingTraits (0ms)
			SetupTypeCache (149ms)
			ReleaseScriptCaches (1ms)
			RebuildScriptCaches (29ms)
			SetupLoadedEditorAssemblies (238ms)
				LogAssemblyErrors (0ms)
				InitializePlatformSupportModulesInManaged (18ms)
				SetLoadedEditorAssemblies (0ms)
				RefreshPlugins (0ms)
				BeforeProcessingInitializeOnLoad (37ms)
				ProcessInitializeOnLoadAttributes (161ms)
				ProcessInitializeOnLoadMethodAttributes (15ms)
				AfterProcessingInitializeOnLoad (6ms)
				EditorAssembliesLoaded (0ms)
			ExecutionOrderSort2 (0ms)
			AwakeInstancesAfterBackupRestoration (6ms)
Platform modules already initialized, skipping
Refreshing native plugins compatible for Editor in 0.70 ms, found 0 plugins.
Preloading 0 native plugins for Editor in 0.00 ms.
Unloading 1691 Unused Serialized files (Serialized files now loaded: 0)
Unloading 21 unused Assets / (0.8 MB). Loaded Objects now: 2170.
Memory consumption went from 80.0 MB to 79.2 MB.
Total: 2.682300 ms (FindLiveObjects: 0.160900 ms CreateObjectMapping: 0.037900 ms MarkObjects: 2.194700 ms  DeleteObjects: 0.287500 ms)

AssetImportParameters requested are different than current active one (requested -> active):
  custom:video-decoder-ogg-theora: a1e56fd34408186e4bbccfd4996cb3dc -> 
  custom:container-muxer-webm: aa71ff27fc2769a1b78a27578f13a17b -> 
  custom:container-demuxer-webm: 4f35f7cbe854078d1ac9338744f61a02 -> 
  custom:video-encoder-webm-vp8: eb34c28f22e8b96e1ab97ce403110664 -> 
  custom:audio-encoder-webm-vorbis: bf7c407c2cedff20999df2af8eb42d56 -> 
  custom:framework-win-MediaFoundation: 216162199b28c13a410421893ffa2e32 -> 
  custom:container-demuxer-ogg: 62fdf1f143b41e24485cea50d1cbac27 -> 
  custom:video-decoder-webm-vp8: 9c59270c3fd7afecdb556c50c9e8de78 -> 
  custom:audio-decoder-ogg-vorbis: bf7c407c2cedff20999df2af8eb42d56 -> 
========================================================================
Received Import Request.
  Time since last request: 29.943020 seconds.
  path: Assets/Easy Primitive People/Prefab
  artifactKey: Guid(28db1e812bd179041a5ffbb41e50c747) Importer(815301076,1909f56bfc062723c751e8b465ee728b)
Start importing Assets/Easy Primitive People/Prefab using Guid(28db1e812bd179041a5ffbb41e50c747) Importer(815301076,1909f56bfc062723c751e8b465ee728b)  -> (artifact id: '42135b77e1287406a5f8fe29ca93eee2') in 0.006657 seconds 
========================================================================
Received Import Request.
  Time since last request: 0.068725 seconds.
  path: Assets/Easy Primitive People/Prefab/Angel.prefab
  artifactKey: Guid(7f1f123d861e0934ba6d5ba760c21c15) Importer(815301076,1909f56bfc062723c751e8b465ee728b)
Start importing Assets/Easy Primitive People/Prefab/Angel.prefab using Guid(7f1f123d861e0934ba6d5ba760c21c15) Importer(815301076,1909f56bfc062723c751e8b465ee728b)  -> (artifact id: 'f1dcb0629d46cd87c5609206cebe3566') in 0.419413 seconds 
========================================================================
Received Import Request.
  Time since last request: 0.000021 seconds.
  path: Assets/Easy Primitive People/Prefab/Witch.prefab
  artifactKey: Guid(410f339498f49a749bd263bb48817b91) Importer(815301076,1909f56bfc062723c751e8b465ee728b)
Start importing Assets/Easy Primitive People/Prefab/Witch.prefab using Guid(410f339498f49a749bd263bb48817b91) Importer(815301076,1909f56bfc062723c751e8b465ee728b)  -> (artifact id: 'e681ebe880b8438b1289142f48f15cc2') in 0.014989 seconds 
========================================================================
Received Import Request.
  Time since last request: 0.000021 seconds.
  path: Assets/Easy Primitive People/Prefab/Ghost.prefab
  artifactKey: Guid(504712390eb34b946873d7f1bb40b62c) Importer(815301076,1909f56bfc062723c751e8b465ee728b)
Start importing Assets/Easy Primitive People/Prefab/Ghost.prefab using Guid(504712390eb34b946873d7f1bb40b62c) Importer(815301076,1909f56bfc062723c751e8b465ee728b)  -> (artifact id: '9dfc2647046128b252ce92f657fdea01') in 0.082938 seconds 
========================================================================
Received Import Request.
  Time since last request: 0.000017 seconds.
  path: Assets/Easy Primitive People/Prefab/Santa.prefab
  artifactKey: Guid(34e776118e152b444ba6649c44b8b1c8) Importer(815301076,1909f56bfc062723c751e8b465ee728b)
Start importing Assets/Easy Primitive People/Prefab/Santa.prefab using Guid(34e776118e152b444ba6649c44b8b1c8) Importer(815301076,1909f56bfc062723c751e8b465ee728b)  -> (artifact id: '44e6c44db525c79a5ad9cca742c3efe9') in 0.012085 seconds 
========================================================================
Received Import Request.
  Time since last request: 0.000030 seconds.
  path: Assets/Easy Primitive People/Prefab/Pig.prefab
  artifactKey: Guid(cc3c57fe9cc9c9e44bc43f7893d1708e) Importer(815301076,1909f56bfc062723c751e8b465ee728b)
Start importing Assets/Easy Primitive People/Prefab/Pig.prefab using Guid(cc3c57fe9cc9c9e44bc43f7893d1708e) Importer(815301076,1909f56bfc062723c751e8b465ee728b)  -> (artifact id: 'f7ee7d68adefe509bca35ed0861342e9') in 0.012862 seconds 
========================================================================
Received Import Request.
  Time since last request: 0.000018 seconds.
  path: Assets/Easy Primitive People/Prefab/Zombie.prefab
  artifactKey: Guid(dc7e45f5f8f700449b1e5ee0e7fda889) Importer(815301076,1909f56bfc062723c751e8b465ee728b)
Start importing Assets/Easy Primitive People/Prefab/Zombie.prefab using Guid(dc7e45f5f8f700449b1e5ee0e7fda889) Importer(815301076,1909f56bfc062723c751e8b465ee728b)  -> (artifact id: 'f6ab6a0ca84423d5e234b39e88e87d16') in 0.012077 seconds 
========================================================================
Received Import Request.
  Time since last request: 0.000018 seconds.
  path: Assets/Easy Primitive People/Prefab/Cloud3.prefab
  artifactKey: Guid(1d220d7d578e51446ae85d810529ea5d) Importer(815301076,1909f56bfc062723c751e8b465ee728b)
Start importing Assets/Easy Primitive People/Prefab/Cloud3.prefab using Guid(1d220d7d578e51446ae85d810529ea5d) Importer(815301076,1909f56bfc062723c751e8b465ee728b)  -> (artifact id: 'f088a68c8952ca21350aa4a26a137d8e') in 0.009603 seconds 
========================================================================
Received Import Request.
  Time since last request: 0.000015 seconds.
  path: Assets/Easy Primitive People/Prefab/Clown.prefab
  artifactKey: Guid(0578a5835e878e64792d64b39d9af8f4) Importer(815301076,1909f56bfc062723c751e8b465ee728b)
Start importing Assets/Easy Primitive People/Prefab/Clown.prefab using Guid(0578a5835e878e64792d64b39d9af8f4) Importer(815301076,1909f56bfc062723c751e8b465ee728b)  -> (artifact id: '26bf66a95cedda794f2b1d0f9556d564') in 0.014534 seconds 
========================================================================
Received Import Request.
  Time since last request: 0.000017 seconds.
  path: Assets/Easy Primitive People/Prefab/CricketFielder.prefab
  artifactKey: Guid(61860cf461366a4419cc4352d574d127) Importer(815301076,1909f56bfc062723c751e8b465ee728b)
Start importing Assets/Easy Primitive People/Prefab/CricketFielder.prefab using Guid(61860cf461366a4419cc4352d574d127) Importer(815301076,1909f56bfc062723c751e8b465ee728b)  -> (artifact id: '29afc8aeee860ff72456a16b45554717') in 0.050024 seconds 
========================================================================
Received Import Request.
  Time since last request: 0.000017 seconds.
  path: Assets/Easy Primitive People/Prefab/SoccerPlayerRed.prefab
  artifactKey: Guid(16f2a6a6321bb894c984093ed7270f45) Importer(815301076,1909f56bfc062723c751e8b465ee728b)
Start importing Assets/Easy Primitive People/Prefab/SoccerPlayerRed.prefab using Guid(16f2a6a6321bb894c984093ed7270f45) Importer(815301076,1909f56bfc062723c751e8b465ee728b)  -> (artifact id: 'c21eb4ac920a5b2866df38c58cdc5ab0') in 0.026593 seconds 
========================================================================
Received Import Request.
  Time since last request: 0.000019 seconds.
  path: Assets/Easy Primitive People/Prefab/Pumpkin.prefab
  artifactKey: Guid(2ac08407a791dcf4f9f7dab45c4de857) Importer(815301076,1909f56bfc062723c751e8b465ee728b)
Start importing Assets/Easy Primitive People/Prefab/Pumpkin.prefab using Guid(2ac08407a791dcf4f9f7dab45c4de857) Importer(815301076,1909f56bfc062723c751e8b465ee728b)  -> (artifact id: '00c3f670cab6192ed3d7305e1e456fb7') in 0.009393 seconds 
========================================================================
Received Import Request.
  Time since last request: 0.000015 seconds.
  path: Assets/Easy Primitive People/Prefab/Wicket.prefab
  artifactKey: Guid(20452e1a22d5bdc4894c5517394f36c5) Importer(815301076,1909f56bfc062723c751e8b465ee728b)
Start importing Assets/Easy Primitive People/Prefab/Wicket.prefab using Guid(20452e1a22d5bdc4894c5517394f36c5) Importer(815301076,1909f56bfc062723c751e8b465ee728b)  -> (artifact id: '4c334536fd4e36a49071d2a920a17eff') in 0.008860 seconds 
========================================================================
Received Import Request.
  Time since last request: 0.000015 seconds.
  path: Assets/Easy Primitive People/Prefab/Villager.prefab
  artifactKey: Guid(d2a6cffd27c3e44449a585a61fc0359d) Importer(815301076,1909f56bfc062723c751e8b465ee728b)
Start importing Assets/Easy Primitive People/Prefab/Villager.prefab using Guid(d2a6cffd27c3e44449a585a61fc0359d) Importer(815301076,1909f56bfc062723c751e8b465ee728b)  -> (artifact id: '5381960cdc6f78c54ffbe00785ac73e8') in 0.011241 seconds 
========================================================================
Received Import Request.
  Time since last request: 0.000018 seconds.
  path: Assets/Easy Primitive People/Prefab/Main Camera.prefab
  artifactKey: Guid(e6efa26bdc07cf945952ac3f77fc7eea) Importer(815301076,1909f56bfc062723c751e8b465ee728b)
Start importing Assets/Easy Primitive People/Prefab/Main Camera.prefab using Guid(e6efa26bdc07cf945952ac3f77fc7eea) Importer(815301076,1909f56bfc062723c751e8b465ee728b)  -> (artifact id: 'c62f852869af4c67721c24f2f0f77bce') in 0.006919 seconds 
========================================================================
Received Import Request.
  Time since last request: 23.037585 seconds.
  path: Assets/Easy Primitive People/Materials/CricketFielder.prefab
  artifactKey: Guid(580cb0d5de7fae74cad3ee240378c8bc) Importer(815301076,1909f56bfc062723c751e8b465ee728b)
Start importing Assets/Easy Primitive People/Materials/CricketFielder.prefab using Guid(580cb0d5de7fae74cad3ee240378c8bc) Importer(815301076,1909f56bfc062723c751e8b465ee728b)  -> (artifact id: '9037fdd082a08848bf696931061faef4') in 0.024934 seconds 
========================================================================
Received Import Request.
  Time since last request: 0.000018 seconds.
  path: Assets/Easy Primitive People/Materials/Light Pink.mat
  artifactKey: Guid(ed07847b8b115ef4cb5086cf7ed63400) Importer(815301076,1909f56bfc062723c751e8b465ee728b)
Start importing Assets/Easy Primitive People/Materials/Light Pink.mat using Guid(ed07847b8b115ef4cb5086cf7ed63400) Importer(815301076,1909f56bfc062723c751e8b465ee728b)  -> (artifact id: 'dc89a1bf90c3c9c5876e207c30e7d462') in 0.022510 seconds 
========================================================================
Received Import Request.
  Time since last request: 0.000017 seconds.
  path: Assets/Easy Primitive People/Materials/Orange.mat
  artifactKey: Guid(9a46a53c350d5a8468c83df4537ef303) Importer(815301076,1909f56bfc062723c751e8b465ee728b)
Start importing Assets/Easy Primitive People/Materials/Orange.mat using Guid(9a46a53c350d5a8468c83df4537ef303) Importer(815301076,1909f56bfc062723c751e8b465ee728b)  -> (artifact id: '3d88c44ece962ed8b92ccba991916a56') in 0.008706 seconds 
========================================================================
Received Import Request.
  Time since last request: 0.000019 seconds.
  path: Assets/Easy Primitive People/Materials/Wood.mat
  artifactKey: Guid(1c0c3bf6593d6d046aee3ca2dd3153ed) Importer(815301076,1909f56bfc062723c751e8b465ee728b)
Start importing Assets/Easy Primitive People/Materials/Wood.mat using Guid(1c0c3bf6593d6d046aee3ca2dd3153ed) Importer(815301076,1909f56bfc062723c751e8b465ee728b)  -> (artifact id: 'cd28a890d851a16f47c7d1df2994773b') in 0.009652 seconds 
========================================================================
Received Import Request.
  Time since last request: 0.000021 seconds.
  path: Assets/Easy Primitive People/Materials/Red.mat
  artifactKey: Guid(d83c53277de967e49b88cde3cbe2b2ca) Importer(815301076,1909f56bfc062723c751e8b465ee728b)
Start importing Assets/Easy Primitive People/Materials/Red.mat using Guid(d83c53277de967e49b88cde3cbe2b2ca) Importer(815301076,1909f56bfc062723c751e8b465ee728b)  -> (artifact id: '78dc214d7f49ea120e5a4c5d039d1df1') in 0.010446 seconds 
========================================================================
Received Import Request.
  Time since last request: 0.000018 seconds.
  path: Assets/Easy Primitive People/Materials/Grey.mat
  artifactKey: Guid(e792a19f03e42884bb6c7aa2f98d1906) Importer(815301076,1909f56bfc062723c751e8b465ee728b)
Start importing Assets/Easy Primitive People/Materials/Grey.mat using Guid(e792a19f03e42884bb6c7aa2f98d1906) Importer(815301076,1909f56bfc062723c751e8b465ee728b)  -> (artifact id: 'f8af8017fe89e5ff084fc7e4c508aa98') in 0.009616 seconds 
========================================================================
Received Import Request.
  Time since last request: 0.000030 seconds.
  path: Assets/Easy Primitive People/Materials/Green.mat
  artifactKey: Guid(7cd0db8b7cab9874c8d3dcd02fb6f49f) Importer(815301076,1909f56bfc062723c751e8b465ee728b)
Start importing Assets/Easy Primitive People/Materials/Green.mat using Guid(7cd0db8b7cab9874c8d3dcd02fb6f49f) Importer(815301076,1909f56bfc062723c751e8b465ee728b)  -> (artifact id: '780e9b769a5466772211f0f66463e024') in 0.011331 seconds 
========================================================================
Received Import Request.
  Time since last request: 0.000016 seconds.
  path: Assets/Easy Primitive People/Materials/Dark Pink.mat
  artifactKey: Guid(50627c534554cca469933baa5dd9676d) Importer(815301076,1909f56bfc062723c751e8b465ee728b)
Start importing Assets/Easy Primitive People/Materials/Dark Pink.mat using Guid(50627c534554cca469933baa5dd9676d) Importer(815301076,1909f56bfc062723c751e8b465ee728b)  -> (artifact id: '79091a7465b8825f4e18d78f9c69de3b') in 0.012225 seconds 
Editor requested this worker to shutdown with reason: Scaling down because of idle timeout
AssetImportWorker is now disconnected from the server
Process exiting
Exiting without the bug reporter. Application will terminate with return code 0